2026-01-28 10:04:57,197 - config - WARNING - TELEGRAM_BOT_TOKEN or OPENWEATHER_API_KEY not found in environment variables.
2026-01-28 10:05:15,174 - config - WARNING - TELEGRAM_BOT_TOKEN or OPENWEATHER_API_KEY not found in environment variables.
2026-01-28 10:05:43,782 - config - WARNING - TELEGRAM_BOT_TOKEN or OPENWEATHER_API_KEY not found in environment variables.
2026-01-28 10:06:53,762 - apscheduler.scheduler - INFO - Adding job tentatively -- it will be properly scheduled when the scheduler starts
2026-01-28 10:06:57,554 - httpx - INFO - HTTP Request: POST https://api.telegram.org/bot8547970379:AAGcJUD9pmgvWq5pwfe9U7mZiUXmlJCDId8/getMe "HTTP/1.1 200 OK"
2026-01-28 10:06:57,565 - database - INFO - Database initialized successfully.
2026-01-28 10:06:57,683 - httpx - INFO - HTTP Request: POST https://api.telegram.org/bot8547970379:AAGcJUD9pmgvWq5pwfe9U7mZiUXmlJCDId8/deleteWebhook "HTTP/1.1 200 OK"
2026-01-28 10:06:57,686 - apscheduler.scheduler - INFO - Added job "send_daily_notifications" to job store "default"
2026-01-28 10:06:57,686 - apscheduler.scheduler - INFO - Scheduler started
2026-01-28 10:06:57,686 - telegram.ext.Application - INFO - Application started
2026-01-28 10:07:03,772 - apscheduler.executors.default - INFO - Running job "send_daily_notifications (trigger: interval[0:01:00], next run at: 2026-01-28 07:08:03 UTC)" (scheduled at 2026-01-28 07:07:03.761089+00:00)
2026-01-28 10:07:03,776 - apscheduler.executors.default - INFO - Job "send_daily_notifications (trigger: interval[0:01:00], next run at: 2026-01-28 07:08:03 UTC)" executed successfully
2026-01-28 10:07:07,343 - httpx - INFO - HTTP Request: POST https://api.telegram.org/bot8547970379:AAGcJUD9pmgvWq5pwfe9U7mZiUXmlJCDId8/getUpdates "HTTP/1.1 200 OK"
2026-01-28 10:07:07,712 - httpx - INFO - HTTP Request: POST https://api.telegram.org/bot8547970379:AAGcJUD9pmgvWq5pwfe9U7mZiUXmlJCDId8/sendMessage "HTTP/1.1 200 OK"
2026-01-28 10:07:17,461 - httpx - INFO - HTTP Request: POST https://api.telegram.org/bot8547970379:AAGcJUD9pmgvWq5pwfe9U7mZiUXmlJCDId8/getUpdates "HTTP/1.1 200 OK"
2026-01-28 10:07:21,720 - httpx - INFO - HTTP Request: POST https://api.telegram.org/bot8547970379:AAGcJUD9pmgvWq5pwfe9U7mZiUXmlJCDId8/getUpdates "HTTP/1.1 200 OK"
2026-01-28 10:07:22,110 - httpx - INFO - HTTP Request: POST https://api.telegram.org/bot8547970379:AAGcJUD9pmgvWq5pwfe9U7mZiUXmlJCDId8/sendMessage "HTTP/1.1 200 OK"
2026-01-28 10:07:28,565 - httpx - INFO - HTTP Request: POST https://api.telegram.org/bot8547970379:AAGcJUD9pmgvWq5pwfe9U7mZiUXmlJCDId8/getUpdates "HTTP/1.1 200 OK"
2026-01-28 10:07:30,573 - httpx - INFO - HTTP Request: POST https://api.telegram.org/bot8547970379:AAGcJUD9pmgvWq5pwfe9U7mZiUXmlJCDId8/sendMessage "HTTP/1.1 200 OK"
2026-01-28 10:07:38,682 - httpx - INFO - HTTP Request: POST https://api.telegram.org/bot8547970379:AAGcJUD9pmgvWq5pwfe9U7mZiUXmlJCDId8/getUpdates "HTTP/1.1 200 OK"
2026-01-28 10:07:42,930 - httpx - INFO - HTTP Request: POST https://api.telegram.org/bot8547970379:AAGcJUD9pmgvWq5pwfe9U7mZiUXmlJCDId8/getUpdates "HTTP/1.1 200 OK"
2026-01-28 10:07:43,321 - httpx - INFO - HTTP Request: POST https://api.telegram.org/bot8547970379:AAGcJUD9pmgvWq5pwfe9U7mZiUXmlJCDId8/sendMessage "HTTP/1.1 200 OK"
2026-01-28 10:07:51,611 - httpx - INFO - HTTP Request: POST https://api.telegram.org/bot8547970379:AAGcJUD9pmgvWq5pwfe9U7mZiUXmlJCDId8/getUpdates "HTTP/1.1 200 OK"
2026-01-28 10:07:51,619 - database - INFO - User 917355612 upserted.
2026-01-28 10:07:51,626 - database - INFO - Settings updated for user 917355612.
2026-01-28 10:07:51,996 - httpx - INFO - HTTP Request: POST https://api.telegram.org/bot8547970379:AAGcJUD9pmgvWq5pwfe9U7mZiUXmlJCDId8/sendMessage "HTTP/1.1 200 OK"
2026-01-28 10:07:56,824 - httpx - INFO - HTTP Request: POST https://api.telegram.org/bot8547970379:AAGcJUD9pmgvWq5pwfe9U7mZiUXmlJCDId8/getUpdates "HTTP/1.1 200 OK"
2026-01-28 10:07:59,177 - httpx - INFO - HTTP Request: POST https://api.telegram.org/bot8547970379:AAGcJUD9pmgvWq5pwfe9U7mZiUXmlJCDId8/sendMessage "HTTP/1.1 200 OK"
2026-01-28 10:08:03,763 - apscheduler.executors.default - INFO - Running job "send_daily_notifications (trigger: interval[0:01:00], next run at: 2026-01-28 07:09:03 UTC)" (scheduled at 2026-01-28 07:08:03.761089+00:00)
2026-01-28 10:08:06,462 - apscheduler.executors.default - INFO - Job "send_daily_notifications (trigger: interval[0:01:00], next run at: 2026-01-28 07:09:03 UTC)" executed successfully
2026-01-28 10:08:07,068 - httpx - INFO - HTTP Request: POST https://api.telegram.org/bot8547970379:AAGcJUD9pmgvWq5pwfe9U7mZiUXmlJCDId8/getUpdates "HTTP/1.1 200 OK"
2026-01-28 10:08:17,305 - httpx - INFO - HTTP Request: POST https://api.telegram.org/bot8547970379:AAGcJUD9pmgvWq5pwfe9U7mZiUXmlJCDId8/getUpdates "HTTP/1.1 200 OK"
2026-01-28 10:08:27,429 - httpx - INFO - HTTP Request: POST https://api.telegram.org/bot8547970379:AAGcJUD9pmgvWq5pwfe9U7mZiUXmlJCDId8/getUpdates "HTTP/1.1 200 OK"
2026-01-28 10:08:37,690 - httpx - INFO - HTTP Request: POST https://api.telegram.org/bot8547970379:AAGcJUD9pmgvWq5pwfe9U7mZiUXmlJCDId8/getUpdates "HTTP/1.1 200 OK"
2026-01-28 10:08:47,819 - httpx - INFO - HTTP Request: POST https://api.telegram.org/bot8547970379:AAGcJUD9pmgvWq5pwfe9U7mZiUXmlJCDId8/getUpdates "HTTP/1.1 200 OK"
2026-01-28 10:08:57,935 - httpx - INFO - HTTP Request: POST https://api.telegram.org/bot8547970379:AAGcJUD9pmgvWq5pwfe9U7mZiUXmlJCDId8/getUpdates "HTTP/1.1 200 OK"
2026-01-28 10:09:03,777 - apscheduler.executors.default - INFO - Running job "send_daily_notifications (trigger: interval[0:01:00], next run at: 2026-01-28 07:10:03 UTC)" (scheduled at 2026-01-28 07:09:03.761089+00:00)
2026-01-28 10:09:03,780 - apscheduler.executors.default - INFO - Job "send_daily_notifications (trigger: interval[0:01:00], next run at: 2026-01-28 07:10:03 UTC)" executed successfully
2026-01-28 10:09:08,058 - httpx - INFO - HTTP Request: POST https://api.telegram.org/bot8547970379:AAGcJUD9pmgvWq5pwfe9U7mZiUXmlJCDId8/getUpdates "HTTP/1.1 200 OK"
2026-01-28 10:09:18,241 - httpx - INFO - HTTP Request: POST https://api.telegram.org/bot8547970379:AAGcJUD9pmgvWq5pwfe9U7mZiUXmlJCDId8/getUpdates "HTTP/1.1 200 OK"
2026-01-28 10:09:28,470 - httpx - INFO - HTTP Request: POST https://api.telegram.org/bot8547970379:AAGcJUD9pmgvWq5pwfe9U7mZiUXmlJCDId8/getUpdates "HTTP/1.1 200 OK"
2026-01-28 10:09:38,723 - httpx - INFO - HTTP Request: POST https://api.telegram.org/bot8547970379:AAGcJUD9pmgvWq5pwfe9U7mZiUXmlJCDId8/getUpdates "HTTP/1.1 200 OK"
2026-01-28 10:09:42,204 - httpx - INFO - HTTP Request: POST https://api.telegram.org/bot8547970379:AAGcJUD9pmgvWq5pwfe9U7mZiUXmlJCDId8/getUpdates "HTTP/1.1 200 OK"
2026-01-28 10:09:43,898 - httpx - INFO - HTTP Request: POST https://api.telegram.org/bot8547970379:AAGcJUD9pmgvWq5pwfe9U7mZiUXmlJCDId8/sendMessage "HTTP/1.1 200 OK"
2026-01-28 10:09:49,833 - httpx - INFO - HTTP Request: POST https://api.telegram.org/bot8547970379:AAGcJUD9pmgvWq5pwfe9U7mZiUXmlJCDId8/getUpdates "HTTP/1.1 200 OK"
2026-01-28 10:09:50,229 - httpx - INFO - HTTP Request: POST https://api.telegram.org/bot8547970379:AAGcJUD9pmgvWq5pwfe9U7mZiUXmlJCDId8/sendMessage "HTTP/1.1 200 OK"
2026-01-28 10:09:53,874 - httpx - INFO - HTTP Request: POST https://api.telegram.org/bot8547970379:AAGcJUD9pmgvWq5pwfe9U7mZiUXmlJCDId8/getUpdates "HTTP/1.1 200 OK"
2026-01-28 10:09:53,882 - database - INFO - User 101932303 upserted.
2026-01-28 10:09:53,888 - database - INFO - Settings updated for user 101932303.
2026-01-28 10:09:54,025 - httpx - INFO - HTTP Request: POST https://api.telegram.org/bot8547970379:AAGcJUD9pmgvWq5pwfe9U7mZiUXmlJCDId8/sendMessage "HTTP/1.1 200 OK"
2026-01-28 10:09:59,141 - httpx - INFO - HTTP Request: POST https://api.telegram.org/bot8547970379:AAGcJUD9pmgvWq5pwfe9U7mZiUXmlJCDId8/getUpdates "HTTP/1.1 200 OK"
2026-01-28 10:10:01,414 - httpx - INFO - HTTP Request: POST https://api.telegram.org/bot8547970379:AAGcJUD9pmgvWq5pwfe9U7mZiUXmlJCDId8/sendMessage "HTTP/1.1 200 OK"
2026-01-28 10:10:03,762 - apscheduler.executors.default - INFO - Running job "send_daily_notifications (trigger: interval[0:01:00], next run at: 2026-01-28 07:11:03 UTC)" (scheduled at 2026-01-28 07:10:03.761089+00:00)
2026-01-28 10:10:03,764 - apscheduler.executors.default - INFO - Job "send_daily_notifications (trigger: interval[0:01:00], next run at: 2026-01-28 07:11:03 UTC)" executed successfully
2026-01-28 10:10:09,342 - httpx - INFO - HTTP Request: POST https://api.telegram.org/bot8547970379:AAGcJUD9pmgvWq5pwfe9U7mZiUXmlJCDId8/getUpdates "HTTP/1.1 200 OK"
2026-01-28 10:10:19,466 - httpx - INFO - HTTP Request: POST https://api.telegram.org/bot8547970379:AAGcJUD9pmgvWq5pwfe9U7mZiUXmlJCDId8/getUpdates "HTTP/1.1 200 OK"
2026-01-28 10:10:29,707 - httpx - INFO - HTTP Request: POST https://api.telegram.org/bot8547970379:AAGcJUD9pmgvWq5pwfe9U7mZiUXmlJCDId8/getUpdates "HTTP/1.1 200 OK"
2026-01-28 10:10:39,831 - httpx - INFO - HTTP Request: POST https://api.telegram.org/bot8547970379:AAGcJUD9pmgvWq5pwfe9U7mZiUXmlJCDId8/getUpdates "HTTP/1.1 200 OK"
2026-01-28 10:10:49,949 - httpx - INFO - HTTP Request: POST https://api.telegram.org/bot8547970379:AAGcJUD9pmgvWq5pwfe9U7mZiUXmlJCDId8/getUpdates "HTTP/1.1 200 OK"
2026-01-28 10:11:00,064 - httpx - INFO - HTTP Request: POST https://api.telegram.org/bot8547970379:AAGcJUD9pmgvWq5pwfe9U7mZiUXmlJCDId8/getUpdates "HTTP/1.1 200 OK"
2026-01-28 10:11:03,782 - apscheduler.executors.default - INFO - Running job "send_daily_notifications (trigger: interval[0:01:00], next run at: 2026-01-28 07:12:03 UTC)" (scheduled at 2026-01-28 07:11:03.761089+00:00)
2026-01-28 10:11:03,784 - apscheduler.executors.default - INFO - Job "send_daily_notifications (trigger: interval[0:01:00], next run at: 2026-01-28 07:12:03 UTC)" executed successfully
2026-01-28 10:11:10,182 - httpx - INFO - HTTP Request: POST https://api.telegram.org/bot8547970379:AAGcJUD9pmgvWq5pwfe9U7mZiUXmlJCDId8/getUpdates "HTTP/1.1 200 OK"
2026-01-28 10:11:20,403 - httpx - INFO - HTTP Request: POST https://api.telegram.org/bot8547970379:AAGcJUD9pmgvWq5pwfe9U7mZiUXmlJCDId8/getUpdates "HTTP/1.1 200 OK"
2026-01-28 10:11:30,644 - httpx - INFO - HTTP Request: POST https://api.telegram.org/bot8547970379:AAGcJUD9pmgvWq5pwfe9U7mZiUXmlJCDId8/getUpdates "HTTP/1.1 200 OK"
2026-01-28 10:11:40,889 - httpx - INFO - HTTP Request: POST https://api.telegram.org/bot8547970379:AAGcJUD9pmgvWq5pwfe9U7mZiUXmlJCDId8/getUpdates "HTTP/1.1 200 OK"
2026-01-28 10:11:51,025 - httpx - INFO - HTTP Request: POST https://api.telegram.org/bot8547970379:AAGcJUD9pmgvWq5pwfe9U7mZiUXmlJCDId8/getUpdates "HTTP/1.1 200 OK"
2026-01-28 10:12:01,144 - httpx - INFO - HTTP Request: POST https://api.telegram.org/bot8547970379:AAGcJUD9pmgvWq5pwfe9U7mZiUXmlJCDId8/getUpdates "HTTP/1.1 200 OK"
2026-01-28 10:12:03,762 - apscheduler.executors.default - INFO - Running job "send_daily_notifications (trigger: interval[0:01:00], next run at: 2026-01-28 07:13:03 UTC)" (scheduled at 2026-01-28 07:12:03.761089+00:00)
2026-01-28 10:12:03,764 - apscheduler.executors.default - INFO - Job "send_daily_notifications (trigger: interval[0:01:00], next run at: 2026-01-28 07:13:03 UTC)" executed successfully
2026-01-28 10:12:11,300 - httpx - INFO - HTTP Request: POST https://api.telegram.org/bot8547970379:AAGcJUD9pmgvWq5pwfe9U7mZiUXmlJCDId8/getUpdates "HTTP/1.1 200 OK"
2026-01-28 10:12:21,531 - httpx - INFO - HTTP Request: POST https://api.telegram.org/bot8547970379:AAGcJUD9pmgvWq5pwfe9U7mZiUXmlJCDId8/getUpdates "HTTP/1.1 200 OK"
2026-01-28 10:12:31,646 - httpx - INFO - HTTP Request: POST https://api.telegram.org/bot8547970379:AAGcJUD9pmgvWq5pwfe9U7mZiUXmlJCDId8/getUpdates "HTTP/1.1 200 OK"
2026-01-28 10:12:41,818 - httpx - INFO - HTTP Request: POST https://api.telegram.org/bot8547970379:AAGcJUD9pmgvWq5pwfe9U7mZiUXmlJCDId8/getUpdates "HTTP/1.1 200 OK"
2026-01-28 10:12:51,934 - httpx - INFO - HTTP Request: POST https://api.telegram.org/bot8547970379:AAGcJUD9pmgvWq5pwfe9U7mZiUXmlJCDId8/getUpdates "HTTP/1.1 200 OK"
2026-01-28 10:13:02,050 - httpx - INFO - HTTP Request: POST https://api.telegram.org/bot8547970379:AAGcJUD9pmgvWq5pwfe9U7mZiUXmlJCDId8/getUpdates "HTTP/1.1 200 OK"
2026-01-28 10:13:03,774 - apscheduler.executors.default - INFO - Running job "send_daily_notifications (trigger: interval[0:01:00], next run at: 2026-01-28 07:14:03 UTC)" (scheduled at 2026-01-28 07:13:03.761089+00:00)
2026-01-28 10:13:03,776 - apscheduler.executors.default - INFO - Job "send_daily_notifications (trigger: interval[0:01:00], next run at: 2026-01-28 07:14:03 UTC)" executed successfully
2026-01-28 10:13:12,173 - httpx - INFO - HTTP Request: POST https://api.telegram.org/bot8547970379:AAGcJUD9pmgvWq5pwfe9U7mZiUXmlJCDId8/getUpdates "HTTP/1.1 200 OK"
2026-01-28 10:13:22,359 - httpx - INFO - HTTP Request: POST https://api.telegram.org/bot8547970379:AAGcJUD9pmgvWq5pwfe9U7mZiUXmlJCDId8/getUpdates "HTTP/1.1 200 OK"
2026-01-28 10:13:32,482 - httpx - INFO - HTTP Request: POST https://api.telegram.org/bot8547970379:AAGcJUD9pmgvWq5pwfe9U7mZiUXmlJCDId8/getUpdates "HTTP/1.1 200 OK"
2026-01-28 10:13:42,599 - httpx - INFO - HTTP Request: POST https://api.telegram.org/bot8547970379:AAGcJUD9pmgvWq5pwfe9U7mZiUXmlJCDId8/getUpdates "HTTP/1.1 200 OK"
2026-01-28 10:13:52,775 - httpx - INFO - HTTP Request: POST https://api.telegram.org/bot8547970379:AAGcJUD9pmgvWq5pwfe9U7mZiUXmlJCDId8/getUpdates "HTTP/1.1 200 OK"
2026-01-28 10:14:03,019 - httpx - INFO - HTTP Request: POST https://api.telegram.org/bot8547970379:AAGcJUD9pmgvWq5pwfe9U7mZiUXmlJCDId8/getUpdates "HTTP/1.1 200 OK"
2026-01-28 10:14:03,768 - apscheduler.executors.default - INFO - Running job "send_daily_notifications (trigger: interval[0:01:00], next run at: 2026-01-28 07:15:03 UTC)" (scheduled at 2026-01-28 07:14:03.761089+00:00)
2026-01-28 10:14:03,770 - apscheduler.executors.default - INFO - Job "send_daily_notifications (trigger: interval[0:01:00], next run at: 2026-01-28 07:15:03 UTC)" executed successfully
2026-01-28 10:14:13,135 - httpx - INFO - HTTP Request: POST https://api.telegram.org/bot8547970379:AAGcJUD9pmgvWq5pwfe9U7mZiUXmlJCDId8/getUpdates "HTTP/1.1 200 OK"
2026-01-28 10:14:23,252 - httpx - INFO - HTTP Request: POST https://api.telegram.org/bot8547970379:AAGcJUD9pmgvWq5pwfe9U7mZiUXmlJCDId8/getUpdates "HTTP/1.1 200 OK"
2026-01-28 10:14:33,367 - httpx - INFO - HTTP Request: POST https://api.telegram.org/bot8547970379:AAGcJUD9pmgvWq5pwfe9U7mZiUXmlJCDId8/getUpdates "HTTP/1.1 200 OK"
2026-01-28 10:14:43,483 - httpx - INFO - HTTP Request: POST https://api.telegram.org/bot8547970379:AAGcJUD9pmgvWq5pwfe9U7mZiUXmlJCDId8/getUpdates "HTTP/1.1 200 OK"
2026-01-28 10:14:53,599 - httpx - INFO - HTTP Request: POST https://api.telegram.org/bot8547970379:AAGcJUD9pmgvWq5pwfe9U7mZiUXmlJCDId8/getUpdates "HTTP/1.1 200 OK"
2026-01-28 10:15:03,715 - httpx - INFO - HTTP Request: POST https://api.telegram.org/bot8547970379:AAGcJUD9pmgvWq5pwfe9U7mZiUXmlJCDId8/getUpdates "HTTP/1.1 200 OK"
2026-01-28 10:15:03,769 - apscheduler.executors.default - INFO - Running job "send_daily_notifications (trigger: interval[0:01:00], next run at: 2026-01-28 07:16:03 UTC)" (scheduled at 2026-01-28 07:15:03.761089+00:00)
2026-01-28 10:15:03,772 - apscheduler.executors.default - INFO - Job "send_daily_notifications (trigger: interval[0:01:00], next run at: 2026-01-28 07:16:03 UTC)" executed successfully
2026-01-28 10:15:13,884 - httpx - INFO - HTTP Request: POST https://api.telegram.org/bot8547970379:AAGcJUD9pmgvWq5pwfe9U7mZiUXmlJCDId8/getUpdates "HTTP/1.1 200 OK"
2026-01-28 10:15:24,119 - httpx - INFO - HTTP Request: POST https://api.telegram.org/bot8547970379:AAGcJUD9pmgvWq5pwfe9U7mZiUXmlJCDId8/getUpdates "HTTP/1.1 200 OK"
2026-01-28 10:15:34,245 - httpx - INFO - HTTP Request: POST https://api.telegram.org/bot8547970379:AAGcJUD9pmgvWq5pwfe9U7mZiUXmlJCDId8/getUpdates "HTTP/1.1 200 OK"
2026-01-28 10:15:44,372 - httpx - INFO - HTTP Request: POST https://api.telegram.org/bot8547970379:AAGcJUD9pmgvWq5pwfe9U7mZiUXmlJCDId8/getUpdates "HTTP/1.1 200 OK"
2026-01-28 10:15:54,497 - httpx - INFO - HTTP Request: POST https://api.telegram.org/bot8547970379:AAGcJUD9pmgvWq5pwfe9U7mZiUXmlJCDId8/getUpdates "HTTP/1.1 200 OK"
2026-01-28 10:16:03,764 - apscheduler.executors.default - INFO - Running job "send_daily_notifications (trigger: interval[0:01:00], next run at: 2026-01-28 07:17:03 UTC)" (scheduled at 2026-01-28 07:16:03.761089+00:00)
2026-01-28 10:16:03,767 - apscheduler.executors.default - INFO - Job "send_daily_notifications (trigger: interval[0:01:00], next run at: 2026-01-28 07:17:03 UTC)" executed successfully
2026-01-28 10:16:04,622 - httpx - INFO - HTTP Request: POST https://api.telegram.org/bot8547970379:AAGcJUD9pmgvWq5pwfe9U7mZiUXmlJCDId8/getUpdates "HTTP/1.1 200 OK"
2026-01-28 10:16:14,738 - httpx - INFO - HTTP Request: POST https://api.telegram.org/bot8547970379:AAGcJUD9pmgvWq5pwfe9U7mZiUXmlJCDId8/getUpdates "HTTP/1.1 200 OK"
2026-01-28 10:16:24,854 - httpx - INFO - HTTP Request: POST https://api.telegram.org/bot8547970379:AAGcJUD9pmgvWq5pwfe9U7mZiUXmlJCDId8/getUpdates "HTTP/1.1 200 OK"
2026-01-28 10:16:35,082 - httpx - INFO - HTTP Request: POST https://api.telegram.org/bot8547970379:AAGcJUD9pmgvWq5pwfe9U7mZiUXmlJCDId8/getUpdates "HTTP/1.1 200 OK"
2026-01-28 10:16:45,202 - httpx - INFO - HTTP Request: POST https://api.telegram.org/bot8547970379:AAGcJUD9pmgvWq5pwfe9U7mZiUXmlJCDId8/getUpdates "HTTP/1.1 200 OK"
2026-01-28 10:16:55,371 - httpx - INFO - HTTP Request: POST https://api.telegram.org/bot8547970379:AAGcJUD9pmgvWq5pwfe9U7mZiUXmlJCDId8/getUpdates "HTTP/1.1 200 OK"
2026-01-28 10:17:03,776 - apscheduler.executors.default - INFO - Running job "send_daily_notifications (trigger: interval[0:01:00], next run at: 2026-01-28 07:18:03 UTC)" (scheduled at 2026-01-28 07:17:03.761089+00:00)
2026-01-28 10:17:03,779 - apscheduler.executors.default - INFO - Job "send_daily_notifications (trigger: interval[0:01:00], next run at: 2026-01-28 07:18:03 UTC)" executed successfully
2026-01-28 10:17:05,490 - httpx - INFO - HTTP Request: POST https://api.telegram.org/bot8547970379:AAGcJUD9pmgvWq5pwfe9U7mZiUXmlJCDId8/getUpdates "HTTP/1.1 200 OK"
2026-01-28 10:17:15,670 - httpx - INFO - HTTP Request: POST https://api.telegram.org/bot8547970379:AAGcJUD9pmgvWq5pwfe9U7mZiUXmlJCDId8/getUpdates "HTTP/1.1 200 OK"
2026-01-28 10:17:25,790 - httpx - INFO - HTTP Request: POST https://api.telegram.org/bot8547970379:AAGcJUD9pmgvWq5pwfe9U7mZiUXmlJCDId8/getUpdates "HTTP/1.1 200 OK"
2026-01-28 10:17:35,905 - httpx - INFO - HTTP Request: POST https://api.telegram.org/bot8547970379:AAGcJUD9pmgvWq5pwfe9U7mZiUXmlJCDId8/getUpdates "HTTP/1.1 200 OK"
2026-01-28 10:17:46,024 - httpx - INFO - HTTP Request: POST https://api.telegram.org/bot8547970379:AAGcJUD9pmgvWq5pwfe9U7mZiUXmlJCDId8/getUpdates "HTTP/1.1 200 OK"
2026-01-28 10:17:56,141 - httpx - INFO - HTTP Request: POST https://api.telegram.org/bot8547970379:AAGcJUD9pmgvWq5pwfe9U7mZiUXmlJCDId8/getUpdates "HTTP/1.1 200 OK"
2026-01-28 10:18:03,771 - apscheduler.executors.default - INFO - Running job "send_daily_notifications (trigger: interval[0:01:00], next run at: 2026-01-28 07:19:03 UTC)" (scheduled at 2026-01-28 07:18:03.761089+00:00)
2026-01-28 10:18:03,774 - apscheduler.executors.default - INFO - Job "send_daily_notifications (trigger: interval[0:01:00], next run at: 2026-01-28 07:19:03 UTC)" executed successfully
2026-01-28 10:18:06,256 - httpx - INFO - HTTP Request: POST https://api.telegram.org/bot8547970379:AAGcJUD9pmgvWq5pwfe9U7mZiUXmlJCDId8/getUpdates "HTTP/1.1 200 OK"
2026-01-28 10:18:16,371 - httpx - INFO - HTTP Request: POST https://api.telegram.org/bot8547970379:AAGcJUD9pmgvWq5pwfe9U7mZiUXmlJCDId8/getUpdates "HTTP/1.1 200 OK"
2026-01-28 10:18:26,487 - httpx - INFO - HTTP Request: POST https://api.telegram.org/bot8547970379:AAGcJUD9pmgvWq5pwfe9U7mZiUXmlJCDId8/getUpdates "HTTP/1.1 200 OK"
2026-01-28 10:18:36,601 - httpx - INFO - HTTP Request: POST https://api.telegram.org/bot8547970379:AAGcJUD9pmgvWq5pwfe9U7mZiUXmlJCDId8/getUpdates "HTTP/1.1 200 OK"
2026-01-28 10:18:46,765 - httpx - INFO - HTTP Request: POST https://api.telegram.org/bot8547970379:AAGcJUD9pmgvWq5pwfe9U7mZiUXmlJCDId8/getUpdates "HTTP/1.1 200 OK"
2026-01-28 10:18:56,881 - httpx - INFO - HTTP Request: POST https://api.telegram.org/bot8547970379:AAGcJUD9pmgvWq5pwfe9U7mZiUXmlJCDId8/getUpdates "HTTP/1.1 200 OK"
2026-01-28 10:19:03,774 - apscheduler.executors.default - INFO - Running job "send_daily_notifications (trigger: interval[0:01:00], next run at: 2026-01-28 07:20:03 UTC)" (scheduled at 2026-01-28 07:19:03.761089+00:00)
2026-01-28 10:19:03,776 - apscheduler.executors.default - INFO - Job "send_daily_notifications (trigger: interval[0:01:00], next run at: 2026-01-28 07:20:03 UTC)" executed successfully
2026-01-28 10:19:07,041 - httpx - INFO - HTTP Request: POST https://api.telegram.org/bot8547970379:AAGcJUD9pmgvWq5pwfe9U7mZiUXmlJCDId8/getUpdates "HTTP/1.1 200 OK"
2026-01-28 10:19:17,159 - httpx - INFO - HTTP Request: POST https://api.telegram.org/bot8547970379:AAGcJUD9pmgvWq5pwfe9U7mZiUXmlJCDId8/getUpdates "HTTP/1.1 200 OK"
2026-01-28 10:19:27,274 - httpx - INFO - HTTP Request: POST https://api.telegram.org/bot8547970379:AAGcJUD9pmgvWq5pwfe9U7mZiUXmlJCDId8/getUpdates "HTTP/1.1 200 OK"
2026-01-28 10:19:37,390 - httpx - INFO - HTTP Request: POST https://api.telegram.org/bot8547970379:AAGcJUD9pmgvWq5pwfe9U7mZiUXmlJCDId8/getUpdates "HTTP/1.1 200 OK"
2026-01-28 10:19:47,600 - httpx - INFO - HTTP Request: POST https://api.telegram.org/bot8547970379:AAGcJUD9pmgvWq5pwfe9U7mZiUXmlJCDId8/getUpdates "HTTP/1.1 200 OK"
2026-01-28 10:19:57,719 - httpx - INFO - HTTP Request: POST https://api.telegram.org/bot8547970379:AAGcJUD9pmgvWq5pwfe9U7mZiUXmlJCDId8/getUpdates "HTTP/1.1 200 OK"
2026-01-28 10:20:03,776 - apscheduler.executors.default - INFO - Running job "send_daily_notifications (trigger: interval[0:01:00], next run at: 2026-01-28 07:21:03 UTC)" (scheduled at 2026-01-28 07:20:03.761089+00:00)
2026-01-28 10:20:03,779 - apscheduler.executors.default - INFO - Job "send_daily_notifications (trigger: interval[0:01:00], next run at: 2026-01-28 07:21:03 UTC)" executed successfully
2026-01-28 10:20:07,837 - httpx - INFO - HTTP Request: POST https://api.telegram.org/bot8547970379:AAGcJUD9pmgvWq5pwfe9U7mZiUXmlJCDId8/getUpdates "HTTP/1.1 200 OK"
2026-01-28 10:20:17,958 - httpx - INFO - HTTP Request: POST https://api.telegram.org/bot8547970379:AAGcJUD9pmgvWq5pwfe9U7mZiUXmlJCDId8/getUpdates "HTTP/1.1 200 OK"
2026-01-28 10:20:28,075 - httpx - INFO - HTTP Request: POST https://api.telegram.org/bot8547970379:AAGcJUD9pmgvWq5pwfe9U7mZiUXmlJCDId8/getUpdates "HTTP/1.1 200 OK"
2026-01-28 10:20:38,190 - httpx - INFO - HTTP Request: POST https://api.telegram.org/bot8547970379:AAGcJUD9pmgvWq5pwfe9U7mZiUXmlJCDId8/getUpdates "HTTP/1.1 200 OK"
2026-01-28 10:20:48,305 - httpx - INFO - HTTP Request: POST https://api.telegram.org/bot8547970379:AAGcJUD9pmgvWq5pwfe9U7mZiUXmlJCDId8/getUpdates "HTTP/1.1 200 OK"
2026-01-28 10:20:58,451 - httpx - INFO - HTTP Request: POST https://api.telegram.org/bot8547970379:AAGcJUD9pmgvWq5pwfe9U7mZiUXmlJCDId8/getUpdates "HTTP/1.1 200 OK"
2026-01-28 10:21:03,780 - apscheduler.executors.default - INFO - Running job "send_daily_notifications (trigger: interval[0:01:00], next run at: 2026-01-28 07:22:03 UTC)" (scheduled at 2026-01-28 07:21:03.761089+00:00)
2026-01-28 10:21:03,783 - apscheduler.executors.default - INFO - Job "send_daily_notifications (trigger: interval[0:01:00], next run at: 2026-01-28 07:22:03 UTC)" executed successfully
2026-01-28 10:21:08,691 - httpx - INFO - HTTP Request: POST https://api.telegram.org/bot8547970379:AAGcJUD9pmgvWq5pwfe9U7mZiUXmlJCDId8/getUpdates "HTTP/1.1 200 OK"
2026-01-28 10:21:18,936 - httpx - INFO - HTTP Request: POST https://api.telegram.org/bot8547970379:AAGcJUD9pmgvWq5pwfe9U7mZiUXmlJCDId8/getUpdates "HTTP/1.1 200 OK"
2026-01-28 10:21:29,055 - httpx - INFO - HTTP Request: POST https://api.telegram.org/bot8547970379:AAGcJUD9pmgvWq5pwfe9U7mZiUXmlJCDId8/getUpdates "HTTP/1.1 200 OK"
2026-01-28 10:21:39,173 - httpx - INFO - HTTP Request: POST https://api.telegram.org/bot8547970379:AAGcJUD9pmgvWq5pwfe9U7mZiUXmlJCDId8/getUpdates "HTTP/1.1 200 OK"
2026-01-28 10:21:49,291 - httpx - INFO - HTTP Request: POST https://api.telegram.org/bot8547970379:AAGcJUD9pmgvWq5pwfe9U7mZiUXmlJCDId8/getUpdates "HTTP/1.1 200 OK"
2026-01-28 10:21:59,485 - httpx - INFO - HTTP Request: POST https://api.telegram.org/bot8547970379:AAGcJUD9pmgvWq5pwfe9U7mZiUXmlJCDId8/getUpdates "HTTP/1.1 200 OK"
2026-01-28 10:22:03,779 - apscheduler.executors.default - INFO - Running job "send_daily_notifications (trigger: interval[0:01:00], next run at: 2026-01-28 07:23:03 UTC)" (scheduled at 2026-01-28 07:22:03.761089+00:00)
2026-01-28 10:22:03,782 - apscheduler.executors.default - INFO - Job "send_daily_notifications (trigger: interval[0:01:00], next run at: 2026-01-28 07:23:03 UTC)" executed successfully
2026-01-28 10:22:09,610 - httpx - INFO - HTTP Request: POST https://api.telegram.org/bot8547970379:AAGcJUD9pmgvWq5pwfe9U7mZiUXmlJCDId8/getUpdates "HTTP/1.1 200 OK"
2026-01-28 10:22:19,728 - httpx - INFO - HTTP Request: POST https://api.telegram.org/bot8547970379:AAGcJUD9pmgvWq5pwfe9U7mZiUXmlJCDId8/getUpdates "HTTP/1.1 200 OK"
2026-01-28 10:22:29,903 - httpx - INFO - HTTP Request: POST https://api.telegram.org/bot8547970379:AAGcJUD9pmgvWq5pwfe9U7mZiUXmlJCDId8/getUpdates "HTTP/1.1 200 OK"
2026-01-28 10:22:40,148 - httpx - INFO - HTTP Request: POST https://api.telegram.org/bot8547970379:AAGcJUD9pmgvWq5pwfe9U7mZiUXmlJCDId8/getUpdates "HTTP/1.1 200 OK"
2026-01-28 10:22:50,263 - httpx - INFO - HTTP Request: POST https://api.telegram.org/bot8547970379:AAGcJUD9pmgvWq5pwfe9U7mZiUXmlJCDId8/getUpdates "HTTP/1.1 200 OK"
2026-01-28 10:23:00,406 - httpx - INFO - HTTP Request: POST https://api.telegram.org/bot8547970379:AAGcJUD9pmgvWq5pwfe9U7mZiUXmlJCDId8/getUpdates "HTTP/1.1 200 OK"
2026-01-28 10:23:03,775 - apscheduler.executors.default - INFO - Running job "send_daily_notifications (trigger: interval[0:01:00], next run at: 2026-01-28 07:24:03 UTC)" (scheduled at 2026-01-28 07:23:03.761089+00:00)
2026-01-28 10:23:03,778 - apscheduler.executors.default - INFO - Job "send_daily_notifications (trigger: interval[0:01:00], next run at: 2026-01-28 07:24:03 UTC)" executed successfully
2026-01-28 10:23:10,521 - httpx - INFO - HTTP Request: POST https://api.telegram.org/bot8547970379:AAGcJUD9pmgvWq5pwfe9U7mZiUXmlJCDId8/getUpdates "HTTP/1.1 200 OK"
2026-01-28 10:23:20,871 - httpx - INFO - HTTP Request: POST https://api.telegram.org/bot8547970379:AAGcJUD9pmgvWq5pwfe9U7mZiUXmlJCDId8/getUpdates "HTTP/1.1 200 OK"
2026-01-28 10:23:30,985 - httpx - INFO - HTTP Request: POST https://api.telegram.org/bot8547970379:AAGcJUD9pmgvWq5pwfe9U7mZiUXmlJCDId8/getUpdates "HTTP/1.1 200 OK"
2026-01-28 10:23:41,114 - httpx - INFO - HTTP Request: POST https://api.telegram.org/bot8547970379:AAGcJUD9pmgvWq5pwfe9U7mZiUXmlJCDId8/getUpdates "HTTP/1.1 200 OK"
2026-01-28 10:23:49,159 - httpx - INFO - HTTP Request: POST https://api.telegram.org/bot8547970379:AAGcJUD9pmgvWq5pwfe9U7mZiUXmlJCDId8/getUpdates "HTTP/1.1 200 OK"
2026-01-28 10:23:49,160 - telegram.ext.Application - INFO - Application is stopping. This might take a moment.
2026-01-28 10:23:49,160 - apscheduler.scheduler - INFO - Scheduler has been shut down
2026-01-28 10:23:49,160 - telegram.ext.Application - INFO - Application.stop() complete
2026-01-28 10:25:02,939 - apscheduler.scheduler - INFO - Adding job tentatively -- it will be properly scheduled when the scheduler starts
2026-01-28 10:25:03,300 - httpx - INFO - HTTP Request: POST https://api.telegram.org/bot8547970379:AAGcJUD9pmgvWq5pwfe9U7mZiUXmlJCDId8/getMe "HTTP/1.1 200 OK"
2026-01-28 10:25:03,304 - database - INFO - Database initialized successfully.
2026-01-28 10:25:03,427 - httpx - INFO - HTTP Request: POST https://api.telegram.org/bot8547970379:AAGcJUD9pmgvWq5pwfe9U7mZiUXmlJCDId8/deleteWebhook "HTTP/1.1 200 OK"
2026-01-28 10:25:03,429 - apscheduler.scheduler - INFO - Added job "send_daily_notifications" to job store "default"
2026-01-28 10:25:03,430 - apscheduler.scheduler - INFO - Scheduler started
2026-01-28 10:25:03,430 - telegram.ext.Application - INFO - Application started
2026-01-28 10:25:12,958 - apscheduler.executors.default - INFO - Running job "send_daily_notifications (trigger: interval[0:01:00], next run at: 2026-01-28 07:26:12 UTC)" (scheduled at 2026-01-28 07:25:12.938220+00:00)
2026-01-28 10:25:13,006 - apscheduler.executors.default - INFO - Job "send_daily_notifications (trigger: interval[0:01:00], next run at: 2026-01-28 07:26:12 UTC)" executed successfully
2026-01-28 10:25:13,783 - httpx - INFO - HTTP Request: POST https://api.telegram.org/bot8547970379:AAGcJUD9pmgvWq5pwfe9U7mZiUXmlJCDId8/getUpdates "HTTP/1.1 200 OK"
2026-01-28 10:25:14,084 - httpx - INFO - HTTP Request: POST https://api.telegram.org/bot8547970379:AAGcJUD9pmgvWq5pwfe9U7mZiUXmlJCDId8/getUpdates "HTTP/1.1 200 OK"
2026-01-28 10:25:15,264 - httpx - INFO - HTTP Request: POST https://api.telegram.org/bot8547970379:AAGcJUD9pmgvWq5pwfe9U7mZiUXmlJCDId8/getUpdates "HTTP/1.1 200 OK"
2026-01-28 10:25:15,404 - httpx - INFO - HTTP Request: POST https://api.telegram.org/bot8547970379:AAGcJUD9pmgvWq5pwfe9U7mZiUXmlJCDId8/getUpdates "HTTP/1.1 200 OK"
2026-01-28 10:25:15,771 - httpx - INFO - HTTP Request: POST https://api.telegram.org/bot8547970379:AAGcJUD9pmgvWq5pwfe9U7mZiUXmlJCDId8/sendMessage "HTTP/1.1 200 OK"
2026-01-28 10:25:19,832 - httpx - INFO - HTTP Request: POST https://api.telegram.org/bot8547970379:AAGcJUD9pmgvWq5pwfe9U7mZiUXmlJCDId8/getUpdates "HTTP/1.1 200 OK"
2026-01-28 10:25:20,897 - httpx - INFO - HTTP Request: POST https://api.telegram.org/bot8547970379:AAGcJUD9pmgvWq5pwfe9U7mZiUXmlJCDId8/sendMessage "HTTP/1.1 200 OK"
2026-01-28 10:25:24,090 - httpx - INFO - HTTP Request: POST https://api.telegram.org/bot8547970379:AAGcJUD9pmgvWq5pwfe9U7mZiUXmlJCDId8/getUpdates "HTTP/1.1 200 OK"
2026-01-28 10:25:24,293 - httpx - INFO - HTTP Request: POST https://api.telegram.org/bot8547970379:AAGcJUD9pmgvWq5pwfe9U7mZiUXmlJCDId8/sendMessage "HTTP/1.1 200 OK"
2026-01-28 10:25:25,904 - httpx - INFO - HTTP Request: POST https://api.telegram.org/bot8547970379:AAGcJUD9pmgvWq5pwfe9U7mZiUXmlJCDId8/getUpdates "HTTP/1.1 200 OK"
2026-01-28 10:25:25,915 - database - INFO - User 101932303 upserted.
2026-01-28 10:25:25,921 - database - INFO - Settings updated for user 101932303.
2026-01-28 10:25:26,109 - httpx - INFO - HTTP Request: POST https://api.telegram.org/bot8547970379:AAGcJUD9pmgvWq5pwfe9U7mZiUXmlJCDId8/sendMessage "HTTP/1.1 200 OK"
2026-01-28 10:25:27,899 - httpx - INFO - HTTP Request: POST https://api.telegram.org/bot8547970379:AAGcJUD9pmgvWq5pwfe9U7mZiUXmlJCDId8/getUpdates "HTTP/1.1 200 OK"
2026-01-28 10:25:28,704 - httpx - INFO - HTTP Request: POST https://api.telegram.org/bot8547970379:AAGcJUD9pmgvWq5pwfe9U7mZiUXmlJCDId8/sendMessage "HTTP/1.1 200 OK"
2026-01-28 10:25:38,018 - httpx - INFO - HTTP Request: POST https://api.telegram.org/bot8547970379:AAGcJUD9pmgvWq5pwfe9U7mZiUXmlJCDId8/getUpdates "HTTP/1.1 200 OK"
2026-01-28 10:25:48,135 - httpx - INFO - HTTP Request: POST https://api.telegram.org/bot8547970379:AAGcJUD9pmgvWq5pwfe9U7mZiUXmlJCDId8/getUpdates "HTTP/1.1 200 OK"
2026-01-28 10:25:58,255 - httpx - INFO - HTTP Request: POST https://api.telegram.org/bot8547970379:AAGcJUD9pmgvWq5pwfe9U7mZiUXmlJCDId8/getUpdates "HTTP/1.1 200 OK"
2026-01-28 10:26:08,419 - httpx - INFO - HTTP Request: POST https://api.telegram.org/bot8547970379:AAGcJUD9pmgvWq5pwfe9U7mZiUXmlJCDId8/getUpdates "HTTP/1.1 200 OK"
2026-01-28 10:26:12,955 - apscheduler.executors.default - INFO - Running job "send_daily_notifications (trigger: interval[0:01:00], next run at: 2026-01-28 07:27:12 UTC)" (scheduled at 2026-01-28 07:26:12.938220+00:00)
2026-01-28 10:26:12,957 - apscheduler.executors.default - INFO - Job "send_daily_notifications (trigger: interval[0:01:00], next run at: 2026-01-28 07:27:12 UTC)" executed successfully
2026-01-28 10:26:16,943 - httpx - INFO - HTTP Request: POST https://api.telegram.org/bot8547970379:AAGcJUD9pmgvWq5pwfe9U7mZiUXmlJCDId8/getUpdates "HTTP/1.1 200 OK"
2026-01-28 10:26:17,311 - httpx - INFO - HTTP Request: POST https://api.telegram.org/bot8547970379:AAGcJUD9pmgvWq5pwfe9U7mZiUXmlJCDId8/sendMessage "HTTP/1.1 200 OK"
2026-01-28 10:26:23,497 - httpx - INFO - HTTP Request: POST https://api.telegram.org/bot8547970379:AAGcJUD9pmgvWq5pwfe9U7mZiUXmlJCDId8/getUpdates "HTTP/1.1 200 OK"
2026-01-28 10:26:23,863 - httpx - INFO - HTTP Request: POST https://api.telegram.org/bot8547970379:AAGcJUD9pmgvWq5pwfe9U7mZiUXmlJCDId8/sendMessage "HTTP/1.1 200 OK"
2026-01-28 10:26:29,411 - httpx - INFO - HTTP Request: POST https://api.telegram.org/bot8547970379:AAGcJUD9pmgvWq5pwfe9U7mZiUXmlJCDId8/getUpdates "HTTP/1.1 200 OK"
2026-01-28 10:26:29,787 - httpx - INFO - HTTP Request: POST https://api.telegram.org/bot8547970379:AAGcJUD9pmgvWq5pwfe9U7mZiUXmlJCDId8/sendMessage "HTTP/1.1 200 OK"
2026-01-28 10:26:36,826 - httpx - INFO - HTTP Request: POST https://api.telegram.org/bot8547970379:AAGcJUD9pmgvWq5pwfe9U7mZiUXmlJCDId8/getUpdates "HTTP/1.1 200 OK"
2026-01-28 10:26:38,109 - httpx - INFO - HTTP Request: POST https://api.telegram.org/bot8547970379:AAGcJUD9pmgvWq5pwfe9U7mZiUXmlJCDId8/sendMessage "HTTP/1.1 200 OK"
2026-01-28 10:26:41,485 - httpx - INFO - HTTP Request: POST https://api.telegram.org/bot8547970379:AAGcJUD9pmgvWq5pwfe9U7mZiUXmlJCDId8/getUpdates "HTTP/1.1 200 OK"
2026-01-28 10:26:41,629 - httpx - INFO - HTTP Request: POST https://api.telegram.org/bot8547970379:AAGcJUD9pmgvWq5pwfe9U7mZiUXmlJCDId8/sendMessage "HTTP/1.1 200 OK"
2026-01-28 10:26:43,811 - httpx - INFO - HTTP Request: POST https://api.telegram.org/bot8547970379:AAGcJUD9pmgvWq5pwfe9U7mZiUXmlJCDId8/getUpdates "HTTP/1.1 200 OK"
2026-01-28 10:26:43,820 - database - INFO - User 101932303 upserted.
2026-01-28 10:26:43,824 - database - INFO - Settings updated for user 101932303.
2026-01-28 10:26:43,963 - httpx - INFO - HTTP Request: POST https://api.telegram.org/bot8547970379:AAGcJUD9pmgvWq5pwfe9U7mZiUXmlJCDId8/sendMessage "HTTP/1.1 200 OK"
2026-01-28 10:26:46,607 - httpx - INFO - HTTP Request: POST https://api.telegram.org/bot8547970379:AAGcJUD9pmgvWq5pwfe9U7mZiUXmlJCDId8/getUpdates "HTTP/1.1 200 OK"
2026-01-28 10:26:47,425 - httpx - INFO - HTTP Request: POST https://api.telegram.org/bot8547970379:AAGcJUD9pmgvWq5pwfe9U7mZiUXmlJCDId8/sendMessage "HTTP/1.1 200 OK"
2026-01-28 10:26:56,757 - httpx - INFO - HTTP Request: POST https://api.telegram.org/bot8547970379:AAGcJUD9pmgvWq5pwfe9U7mZiUXmlJCDId8/getUpdates "HTTP/1.1 200 OK"
2026-01-28 10:27:06,874 - httpx - INFO - HTTP Request: POST https://api.telegram.org/bot8547970379:AAGcJUD9pmgvWq5pwfe9U7mZiUXmlJCDId8/getUpdates "HTTP/1.1 200 OK"
2026-01-28 10:27:12,948 - apscheduler.executors.default - INFO - Running job "send_daily_notifications (trigger: interval[0:01:00], next run at: 2026-01-28 07:28:12 UTC)" (scheduled at 2026-01-28 07:27:12.938220+00:00)
2026-01-28 10:27:12,950 - apscheduler.executors.default - INFO - Job "send_daily_notifications (trigger: interval[0:01:00], next run at: 2026-01-28 07:28:12 UTC)" executed successfully
2026-01-28 10:27:17,030 - httpx - INFO - HTTP Request: POST https://api.telegram.org/bot8547970379:AAGcJUD9pmgvWq5pwfe9U7mZiUXmlJCDId8/getUpdates "HTTP/1.1 200 OK"
2026-01-28 10:27:27,150 - httpx - INFO - HTTP Request: POST https://api.telegram.org/bot8547970379:AAGcJUD9pmgvWq5pwfe9U7mZiUXmlJCDId8/getUpdates "HTTP/1.1 200 OK"
2026-01-28 10:27:37,271 - httpx - INFO - HTTP Request: POST https://api.telegram.org/bot8547970379:AAGcJUD9pmgvWq5pwfe9U7mZiUXmlJCDId8/getUpdates "HTTP/1.1 200 OK"
2026-01-28 10:27:47,390 - httpx - INFO - HTTP Request: POST https://api.telegram.org/bot8547970379:AAGcJUD9pmgvWq5pwfe9U7mZiUXmlJCDId8/getUpdates "HTTP/1.1 200 OK"
2026-01-28 10:27:57,585 - httpx - INFO - HTTP Request: POST https://api.telegram.org/bot8547970379:AAGcJUD9pmgvWq5pwfe9U7mZiUXmlJCDId8/getUpdates "HTTP/1.1 200 OK"
2026-01-28 10:28:07,829 - httpx - INFO - HTTP Request: POST https://api.telegram.org/bot8547970379:AAGcJUD9pmgvWq5pwfe9U7mZiUXmlJCDId8/getUpdates "HTTP/1.1 200 OK"
2026-01-28 10:28:12,958 - apscheduler.executors.default - INFO - Running job "send_daily_notifications (trigger: interval[0:01:00], next run at: 2026-01-28 07:29:12 UTC)" (scheduled at 2026-01-28 07:28:12.938220+00:00)
2026-01-28 10:28:12,960 - apscheduler.executors.default - INFO - Job "send_daily_notifications (trigger: interval[0:01:00], next run at: 2026-01-28 07:29:12 UTC)" executed successfully
2026-01-28 10:28:17,948 - httpx - INFO - HTTP Request: POST https://api.telegram.org/bot8547970379:AAGcJUD9pmgvWq5pwfe9U7mZiUXmlJCDId8/getUpdates "HTTP/1.1 200 OK"
2026-01-28 10:28:28,068 - httpx - INFO - HTTP Request: POST https://api.telegram.org/bot8547970379:AAGcJUD9pmgvWq5pwfe9U7mZiUXmlJCDId8/getUpdates "HTTP/1.1 200 OK"
2026-01-28 10:28:38,188 - httpx - INFO - HTTP Request: POST https://api.telegram.org/bot8547970379:AAGcJUD9pmgvWq5pwfe9U7mZiUXmlJCDId8/getUpdates "HTTP/1.1 200 OK"
2026-01-28 10:28:48,307 - httpx - INFO - HTTP Request: POST https://api.telegram.org/bot8547970379:AAGcJUD9pmgvWq5pwfe9U7mZiUXmlJCDId8/getUpdates "HTTP/1.1 200 OK"
2026-01-28 10:28:58,428 - httpx - INFO - HTTP Request: POST https://api.telegram.org/bot8547970379:AAGcJUD9pmgvWq5pwfe9U7mZiUXmlJCDId8/getUpdates "HTTP/1.1 200 OK"
2026-01-28 10:29:08,647 - httpx - INFO - HTTP Request: POST https://api.telegram.org/bot8547970379:AAGcJUD9pmgvWq5pwfe9U7mZiUXmlJCDId8/getUpdates "HTTP/1.1 200 OK"
2026-01-28 10:29:12,949 - apscheduler.executors.default - INFO - Running job "send_daily_notifications (trigger: interval[0:01:00], next run at: 2026-01-28 07:30:12 UTC)" (scheduled at 2026-01-28 07:29:12.938220+00:00)
2026-01-28 10:29:12,953 - apscheduler.executors.default - INFO - Job "send_daily_notifications (trigger: interval[0:01:00], next run at: 2026-01-28 07:30:12 UTC)" executed successfully
2026-01-28 10:29:18,778 - httpx - INFO - HTTP Request: POST https://api.telegram.org/bot8547970379:AAGcJUD9pmgvWq5pwfe9U7mZiUXmlJCDId8/getUpdates "HTTP/1.1 200 OK"
2026-01-28 10:29:28,895 - httpx - INFO - HTTP Request: POST https://api.telegram.org/bot8547970379:AAGcJUD9pmgvWq5pwfe9U7mZiUXmlJCDId8/getUpdates "HTTP/1.1 200 OK"
2026-01-28 10:29:39,014 - httpx - INFO - HTTP Request: POST https://api.telegram.org/bot8547970379:AAGcJUD9pmgvWq5pwfe9U7mZiUXmlJCDId8/getUpdates "HTTP/1.1 200 OK"
2026-01-28 10:29:49,142 - httpx - INFO - HTTP Request: POST https://api.telegram.org/bot8547970379:AAGcJUD9pmgvWq5pwfe9U7mZiUXmlJCDId8/getUpdates "HTTP/1.1 200 OK"
2026-01-28 10:29:59,329 - httpx - INFO - HTTP Request: POST https://api.telegram.org/bot8547970379:AAGcJUD9pmgvWq5pwfe9U7mZiUXmlJCDId8/getUpdates "HTTP/1.1 200 OK"
2026-01-28 10:30:09,450 - httpx - INFO - HTTP Request: POST https://api.telegram.org/bot8547970379:AAGcJUD9pmgvWq5pwfe9U7mZiUXmlJCDId8/getUpdates "HTTP/1.1 200 OK"
2026-01-28 10:30:12,944 - apscheduler.executors.default - INFO - Running job "send_daily_notifications (trigger: interval[0:01:00], next run at: 2026-01-28 07:31:12 UTC)" (scheduled at 2026-01-28 07:30:12.938220+00:00)
2026-01-28 10:30:12,947 - apscheduler.executors.default - INFO - Job "send_daily_notifications (trigger: interval[0:01:00], next run at: 2026-01-28 07:31:12 UTC)" executed successfully
2026-01-28 10:30:19,617 - httpx - INFO - HTTP Request: POST https://api.telegram.org/bot8547970379:AAGcJUD9pmgvWq5pwfe9U7mZiUXmlJCDId8/getUpdates "HTTP/1.1 200 OK"
2026-01-28 10:30:29,848 - httpx - INFO - HTTP Request: POST https://api.telegram.org/bot8547970379:AAGcJUD9pmgvWq5pwfe9U7mZiUXmlJCDId8/getUpdates "HTTP/1.1 200 OK"
2026-01-28 10:30:39,968 - httpx - INFO - HTTP Request: POST https://api.telegram.org/bot8547970379:AAGcJUD9pmgvWq5pwfe9U7mZiUXmlJCDId8/getUpdates "HTTP/1.1 200 OK"
2026-01-28 10:30:50,084 - httpx - INFO - HTTP Request: POST https://api.telegram.org/bot8547970379:AAGcJUD9pmgvWq5pwfe9U7mZiUXmlJCDId8/getUpdates "HTTP/1.1 200 OK"
2026-01-28 10:31:00,265 - httpx - INFO - HTTP Request: POST https://api.telegram.org/bot8547970379:AAGcJUD9pmgvWq5pwfe9U7mZiUXmlJCDId8/getUpdates "HTTP/1.1 200 OK"
2026-01-28 10:31:10,392 - httpx - INFO - HTTP Request: POST https://api.telegram.org/bot8547970379:AAGcJUD9pmgvWq5pwfe9U7mZiUXmlJCDId8/getUpdates "HTTP/1.1 200 OK"
2026-01-28 10:31:12,962 - apscheduler.executors.default - INFO - Running job "send_daily_notifications (trigger: interval[0:01:00], next run at: 2026-01-28 07:32:12 UTC)" (scheduled at 2026-01-28 07:31:12.938220+00:00)
2026-01-28 10:31:12,964 - apscheduler.executors.default - INFO - Job "send_daily_notifications (trigger: interval[0:01:00], next run at: 2026-01-28 07:32:12 UTC)" executed successfully
2026-01-28 10:31:20,509 - httpx - INFO - HTTP Request: POST https://api.telegram.org/bot8547970379:AAGcJUD9pmgvWq5pwfe9U7mZiUXmlJCDId8/getUpdates "HTTP/1.1 200 OK"
2026-01-28 10:31:30,629 - httpx - INFO - HTTP Request: POST https://api.telegram.org/bot8547970379:AAGcJUD9pmgvWq5pwfe9U7mZiUXmlJCDId8/getUpdates "HTTP/1.1 200 OK"
2026-01-28 10:31:40,748 - httpx - INFO - HTTP Request: POST https://api.telegram.org/bot8547970379:AAGcJUD9pmgvWq5pwfe9U7mZiUXmlJCDId8/getUpdates "HTTP/1.1 200 OK"
2026-01-28 10:31:50,865 - httpx - INFO - HTTP Request: POST https://api.telegram.org/bot8547970379:AAGcJUD9pmgvWq5pwfe9U7mZiUXmlJCDId8/getUpdates "HTTP/1.1 200 OK"
2026-01-28 10:32:00,984 - httpx - INFO - HTTP Request: POST https://api.telegram.org/bot8547970379:AAGcJUD9pmgvWq5pwfe9U7mZiUXmlJCDId8/getUpdates "HTTP/1.1 200 OK"
2026-01-28 10:32:11,229 - httpx - INFO - HTTP Request: POST https://api.telegram.org/bot8547970379:AAGcJUD9pmgvWq5pwfe9U7mZiUXmlJCDId8/getUpdates "HTTP/1.1 200 OK"
2026-01-28 10:32:12,948 - apscheduler.executors.default - INFO - Running job "send_daily_notifications (trigger: interval[0:01:00], next run at: 2026-01-28 07:33:12 UTC)" (scheduled at 2026-01-28 07:32:12.938220+00:00)
2026-01-28 10:32:12,952 - apscheduler.executors.default - INFO - Job "send_daily_notifications (trigger: interval[0:01:00], next run at: 2026-01-28 07:33:12 UTC)" executed successfully
2026-01-28 10:32:20,349 - httpx - INFO - HTTP Request: POST https://api.telegram.org/bot8547970379:AAGcJUD9pmgvWq5pwfe9U7mZiUXmlJCDId8/getUpdates "HTTP/1.1 200 OK"
2026-01-28 10:32:20,349 - telegram.ext.Application - INFO - Application is stopping. This might take a moment.
2026-01-28 10:32:20,349 - apscheduler.scheduler - INFO - Scheduler has been shut down
2026-01-28 10:32:20,349 - telegram.ext.Application - INFO - Application.stop() complete
2026-01-28 10:35:13,005 - apscheduler.scheduler - INFO - Adding job tentatively -- it will be properly scheduled when the scheduler starts
2026-01-28 10:35:13,005 - apscheduler.scheduler - INFO - Adding job tentatively -- it will be properly scheduled when the scheduler starts
2026-01-28 10:35:13,390 - httpx - INFO - HTTP Request: POST https://api.telegram.org/bot8547970379:AAGcJUD9pmgvWq5pwfe9U7mZiUXmlJCDId8/getMe "HTTP/1.1 200 OK"
2026-01-28 10:35:13,412 - database - INFO - Migrated legacy city Боровичи for user 101932303
2026-01-28 10:35:13,412 - database - INFO - Migrated legacy city Бишкек for user 917355612
2026-01-28 10:35:13,417 - database - INFO - Database initialized and migrated successfully.
2026-01-28 10:35:13,533 - httpx - INFO - HTTP Request: POST https://api.telegram.org/bot8547970379:AAGcJUD9pmgvWq5pwfe9U7mZiUXmlJCDId8/deleteWebhook "HTTP/1.1 200 OK"
2026-01-28 10:35:13,534 - apscheduler.scheduler - INFO - Added job "send_daily_notifications" to job store "default"
2026-01-28 10:35:13,534 - apscheduler.scheduler - INFO - Added job "save_daily_history_job" to job store "default"
2026-01-28 10:35:13,535 - apscheduler.scheduler - INFO - Scheduler started
2026-01-28 10:35:13,535 - telegram.ext.Application - INFO - Application started
2026-01-28 10:35:23,007 - apscheduler.executors.default - INFO - Running job "send_daily_notifications (trigger: interval[0:01:00], next run at: 2026-01-28 07:36:23 UTC)" (scheduled at 2026-01-28 07:35:23.003576+00:00)
2026-01-28 10:35:23,060 - apscheduler.executors.default - INFO - Job "send_daily_notifications (trigger: interval[0:01:00], next run at: 2026-01-28 07:36:23 UTC)" executed successfully
2026-01-28 10:35:23,907 - httpx - INFO - HTTP Request: POST https://api.telegram.org/bot8547970379:AAGcJUD9pmgvWq5pwfe9U7mZiUXmlJCDId8/getUpdates "HTTP/1.1 200 OK"
2026-01-28 10:35:26,822 - httpx - INFO - HTTP Request: POST https://api.telegram.org/bot8547970379:AAGcJUD9pmgvWq5pwfe9U7mZiUXmlJCDId8/getUpdates "HTTP/1.1 200 OK"
2026-01-28 10:35:28,164 - httpx - INFO - HTTP Request: POST https://api.telegram.org/bot8547970379:AAGcJUD9pmgvWq5pwfe9U7mZiUXmlJCDId8/getUpdates "HTTP/1.1 200 OK"
2026-01-28 10:35:28,373 - httpx - INFO - HTTP Request: POST https://api.telegram.org/bot8547970379:AAGcJUD9pmgvWq5pwfe9U7mZiUXmlJCDId8/getUpdates "HTTP/1.1 200 OK"
2026-01-28 10:35:28,740 - httpx - INFO - HTTP Request: POST https://api.telegram.org/bot8547970379:AAGcJUD9pmgvWq5pwfe9U7mZiUXmlJCDId8/sendMessage "HTTP/1.1 200 OK"
2026-01-28 10:35:32,277 - httpx - INFO - HTTP Request: POST https://api.telegram.org/bot8547970379:AAGcJUD9pmgvWq5pwfe9U7mZiUXmlJCDId8/getUpdates "HTTP/1.1 200 OK"
2026-01-28 10:35:32,422 - httpx - INFO - HTTP Request: POST https://api.telegram.org/bot8547970379:AAGcJUD9pmgvWq5pwfe9U7mZiUXmlJCDId8/sendMessage "HTTP/1.1 200 OK"
2026-01-28 10:35:37,477 - httpx - INFO - HTTP Request: POST https://api.telegram.org/bot8547970379:AAGcJUD9pmgvWq5pwfe9U7mZiUXmlJCDId8/getUpdates "HTTP/1.1 200 OK"
2026-01-28 10:35:38,463 - httpx - INFO - HTTP Request: POST https://api.telegram.org/bot8547970379:AAGcJUD9pmgvWq5pwfe9U7mZiUXmlJCDId8/sendMessage "HTTP/1.1 200 OK"
2026-01-28 10:35:47,635 - httpx - INFO - HTTP Request: POST https://api.telegram.org/bot8547970379:AAGcJUD9pmgvWq5pwfe9U7mZiUXmlJCDId8/getUpdates "HTTP/1.1 200 OK"
2026-01-28 10:35:49,154 - httpx - INFO - HTTP Request: POST https://api.telegram.org/bot8547970379:AAGcJUD9pmgvWq5pwfe9U7mZiUXmlJCDId8/getUpdates "HTTP/1.1 200 OK"
2026-01-28 10:35:49,499 - httpx - INFO - HTTP Request: POST https://api.telegram.org/bot8547970379:AAGcJUD9pmgvWq5pwfe9U7mZiUXmlJCDId8/answerCallbackQuery "HTTP/1.1 200 OK"
2026-01-28 10:35:49,637 - httpx - INFO - HTTP Request: POST https://api.telegram.org/bot8547970379:AAGcJUD9pmgvWq5pwfe9U7mZiUXmlJCDId8/editMessageText "HTTP/1.1 200 OK"
2026-01-28 10:35:51,465 - httpx - INFO - HTTP Request: POST https://api.telegram.org/bot8547970379:AAGcJUD9pmgvWq5pwfe9U7mZiUXmlJCDId8/getUpdates "HTTP/1.1 200 OK"
2026-01-28 10:35:51,585 - httpx - INFO - HTTP Request: POST https://api.telegram.org/bot8547970379:AAGcJUD9pmgvWq5pwfe9U7mZiUXmlJCDId8/answerCallbackQuery "HTTP/1.1 200 OK"
2026-01-28 10:35:51,734 - httpx - INFO - HTTP Request: POST https://api.telegram.org/bot8547970379:AAGcJUD9pmgvWq5pwfe9U7mZiUXmlJCDId8/editMessageText "HTTP/1.1 200 OK"
2026-01-28 10:35:53,088 - httpx - INFO - HTTP Request: POST https://api.telegram.org/bot8547970379:AAGcJUD9pmgvWq5pwfe9U7mZiUXmlJCDId8/getUpdates "HTTP/1.1 200 OK"
2026-01-28 10:35:53,219 - httpx - INFO - HTTP Request: POST https://api.telegram.org/bot8547970379:AAGcJUD9pmgvWq5pwfe9U7mZiUXmlJCDId8/answerCallbackQuery "HTTP/1.1 200 OK"
2026-01-28 10:35:53,357 - httpx - INFO - HTTP Request: POST https://api.telegram.org/bot8547970379:AAGcJUD9pmgvWq5pwfe9U7mZiUXmlJCDId8/answerCallbackQuery "HTTP/1.1 200 OK"
2026-01-28 10:35:53,554 - httpx - INFO - HTTP Request: POST https://api.telegram.org/bot8547970379:AAGcJUD9pmgvWq5pwfe9U7mZiUXmlJCDId8/editMessageText "HTTP/1.1 200 OK"
2026-01-28 10:35:57,606 - httpx - INFO - HTTP Request: POST https://api.telegram.org/bot8547970379:AAGcJUD9pmgvWq5pwfe9U7mZiUXmlJCDId8/getUpdates "HTTP/1.1 200 OK"
2026-01-28 10:35:57,731 - httpx - INFO - HTTP Request: POST https://api.telegram.org/bot8547970379:AAGcJUD9pmgvWq5pwfe9U7mZiUXmlJCDId8/answerCallbackQuery "HTTP/1.1 200 OK"
2026-01-28 10:35:57,911 - httpx - INFO - HTTP Request: POST https://api.telegram.org/bot8547970379:AAGcJUD9pmgvWq5pwfe9U7mZiUXmlJCDId8/editMessageText "HTTP/1.1 200 OK"
2026-01-28 10:35:58,847 - httpx - INFO - HTTP Request: POST https://api.telegram.org/bot8547970379:AAGcJUD9pmgvWq5pwfe9U7mZiUXmlJCDId8/getUpdates "HTTP/1.1 200 OK"
2026-01-28 10:35:58,970 - httpx - INFO - HTTP Request: POST https://api.telegram.org/bot8547970379:AAGcJUD9pmgvWq5pwfe9U7mZiUXmlJCDId8/answerCallbackQuery "HTTP/1.1 200 OK"
2026-01-28 10:35:59,118 - httpx - INFO - HTTP Request: POST https://api.telegram.org/bot8547970379:AAGcJUD9pmgvWq5pwfe9U7mZiUXmlJCDId8/editMessageText "HTTP/1.1 200 OK"
2026-01-28 10:36:00,403 - httpx - INFO - HTTP Request: POST https://api.telegram.org/bot8547970379:AAGcJUD9pmgvWq5pwfe9U7mZiUXmlJCDId8/getUpdates "HTTP/1.1 200 OK"
2026-01-28 10:36:00,531 - httpx - INFO - HTTP Request: POST https://api.telegram.org/bot8547970379:AAGcJUD9pmgvWq5pwfe9U7mZiUXmlJCDId8/answerCallbackQuery "HTTP/1.1 200 OK"
2026-01-28 10:36:00,671 - httpx - INFO - HTTP Request: POST https://api.telegram.org/bot8547970379:AAGcJUD9pmgvWq5pwfe9U7mZiUXmlJCDId8/editMessageText "HTTP/1.1 200 OK"
2026-01-28 10:36:01,271 - httpx - INFO - HTTP Request: POST https://api.telegram.org/bot8547970379:AAGcJUD9pmgvWq5pwfe9U7mZiUXmlJCDId8/getUpdates "HTTP/1.1 200 OK"
2026-01-28 10:36:01,425 - httpx - INFO - HTTP Request: POST https://api.telegram.org/bot8547970379:AAGcJUD9pmgvWq5pwfe9U7mZiUXmlJCDId8/answerCallbackQuery "HTTP/1.1 200 OK"
2026-01-28 10:36:01,595 - httpx - INFO - HTTP Request: POST https://api.telegram.org/bot8547970379:AAGcJUD9pmgvWq5pwfe9U7mZiUXmlJCDId8/editMessageText "HTTP/1.1 200 OK"
2026-01-28 10:36:02,562 - httpx - INFO - HTTP Request: POST https://api.telegram.org/bot8547970379:AAGcJUD9pmgvWq5pwfe9U7mZiUXmlJCDId8/getUpdates "HTTP/1.1 200 OK"
2026-01-28 10:36:02,704 - httpx - INFO - HTTP Request: POST https://api.telegram.org/bot8547970379:AAGcJUD9pmgvWq5pwfe9U7mZiUXmlJCDId8/answerCallbackQuery "HTTP/1.1 200 OK"
2026-01-28 10:36:02,854 - httpx - INFO - HTTP Request: POST https://api.telegram.org/bot8547970379:AAGcJUD9pmgvWq5pwfe9U7mZiUXmlJCDId8/editMessageText "HTTP/1.1 200 OK"
2026-01-28 10:36:03,803 - httpx - INFO - HTTP Request: POST https://api.telegram.org/bot8547970379:AAGcJUD9pmgvWq5pwfe9U7mZiUXmlJCDId8/getUpdates "HTTP/1.1 200 OK"
2026-01-28 10:36:04,009 - httpx - INFO - HTTP Request: POST https://api.telegram.org/bot8547970379:AAGcJUD9pmgvWq5pwfe9U7mZiUXmlJCDId8/answerCallbackQuery "HTTP/1.1 200 OK"
2026-01-28 10:36:04,576 - httpx - INFO - HTTP Request: POST https://api.telegram.org/bot8547970379:AAGcJUD9pmgvWq5pwfe9U7mZiUXmlJCDId8/sendMessage "HTTP/1.1 200 OK"
2026-01-28 10:36:14,022 - httpx - INFO - HTTP Request: POST https://api.telegram.org/bot8547970379:AAGcJUD9pmgvWq5pwfe9U7mZiUXmlJCDId8/getUpdates "HTTP/1.1 200 OK"
2026-01-28 10:36:14,725 - httpx - INFO - HTTP Request: POST https://api.telegram.org/bot8547970379:AAGcJUD9pmgvWq5pwfe9U7mZiUXmlJCDId8/getUpdates "HTTP/1.1 200 OK"
2026-01-28 10:36:15,075 - httpx - INFO - HTTP Request: POST https://api.telegram.org/bot8547970379:AAGcJUD9pmgvWq5pwfe9U7mZiUXmlJCDId8/answerCallbackQuery "HTTP/1.1 200 OK"
2026-01-28 10:36:15,209 - httpx - INFO - HTTP Request: POST https://api.telegram.org/bot8547970379:AAGcJUD9pmgvWq5pwfe9U7mZiUXmlJCDId8/editMessageText "HTTP/1.1 200 OK"
2026-01-28 10:36:19,760 - httpx - INFO - HTTP Request: POST https://api.telegram.org/bot8547970379:AAGcJUD9pmgvWq5pwfe9U7mZiUXmlJCDId8/getUpdates "HTTP/1.1 200 OK"
2026-01-28 10:36:19,885 - httpx - INFO - HTTP Request: POST https://api.telegram.org/bot8547970379:AAGcJUD9pmgvWq5pwfe9U7mZiUXmlJCDId8/answerCallbackQuery "HTTP/1.1 200 OK"
2026-01-28 10:36:20,018 - httpx - INFO - HTTP Request: POST https://api.telegram.org/bot8547970379:AAGcJUD9pmgvWq5pwfe9U7mZiUXmlJCDId8/editMessageText "HTTP/1.1 200 OK"
2026-01-28 10:36:23,022 - apscheduler.executors.default - INFO - Running job "send_daily_notifications (trigger: interval[0:01:00], next run at: 2026-01-28 07:37:23 UTC)" (scheduled at 2026-01-28 07:36:23.003576+00:00)
2026-01-28 10:36:23,027 - apscheduler.executors.default - INFO - Job "send_daily_notifications (trigger: interval[0:01:00], next run at: 2026-01-28 07:37:23 UTC)" executed successfully
2026-01-28 10:36:27,009 - httpx - INFO - HTTP Request: POST https://api.telegram.org/bot8547970379:AAGcJUD9pmgvWq5pwfe9U7mZiUXmlJCDId8/getUpdates "HTTP/1.1 200 OK"
2026-01-28 10:36:27,359 - httpx - INFO - HTTP Request: POST https://api.telegram.org/bot8547970379:AAGcJUD9pmgvWq5pwfe9U7mZiUXmlJCDId8/answerCallbackQuery "HTTP/1.1 200 OK"
2026-01-28 10:36:27,499 - httpx - INFO - HTTP Request: POST https://api.telegram.org/bot8547970379:AAGcJUD9pmgvWq5pwfe9U7mZiUXmlJCDId8/editMessageText "HTTP/1.1 200 OK"
2026-01-28 10:36:28,319 - httpx - INFO - HTTP Request: POST https://api.telegram.org/bot8547970379:AAGcJUD9pmgvWq5pwfe9U7mZiUXmlJCDId8/getUpdates "HTTP/1.1 200 OK"
2026-01-28 10:36:28,454 - httpx - INFO - HTTP Request: POST https://api.telegram.org/bot8547970379:AAGcJUD9pmgvWq5pwfe9U7mZiUXmlJCDId8/answerCallbackQuery "HTTP/1.1 200 OK"
2026-01-28 10:36:28,599 - httpx - INFO - HTTP Request: POST https://api.telegram.org/bot8547970379:AAGcJUD9pmgvWq5pwfe9U7mZiUXmlJCDId8/editMessageText "HTTP/1.1 200 OK"
2026-01-28 10:36:30,313 - httpx - INFO - HTTP Request: POST https://api.telegram.org/bot8547970379:AAGcJUD9pmgvWq5pwfe9U7mZiUXmlJCDId8/getUpdates "HTTP/1.1 200 OK"
2026-01-28 10:36:30,445 - httpx - INFO - HTTP Request: POST https://api.telegram.org/bot8547970379:AAGcJUD9pmgvWq5pwfe9U7mZiUXmlJCDId8/answerCallbackQuery "HTTP/1.1 200 OK"
2026-01-28 10:36:30,584 - httpx - INFO - HTTP Request: POST https://api.telegram.org/bot8547970379:AAGcJUD9pmgvWq5pwfe9U7mZiUXmlJCDId8/editMessageText "HTTP/1.1 200 OK"
2026-01-28 10:36:40,553 - httpx - INFO - HTTP Request: POST https://api.telegram.org/bot8547970379:AAGcJUD9pmgvWq5pwfe9U7mZiUXmlJCDId8/getUpdates "HTTP/1.1 200 OK"
2026-01-28 10:36:50,679 - httpx - INFO - HTTP Request: POST https://api.telegram.org/bot8547970379:AAGcJUD9pmgvWq5pwfe9U7mZiUXmlJCDId8/getUpdates "HTTP/1.1 200 OK"
2026-01-28 10:37:00,797 - httpx - INFO - HTTP Request: POST https://api.telegram.org/bot8547970379:AAGcJUD9pmgvWq5pwfe9U7mZiUXmlJCDId8/getUpdates "HTTP/1.1 200 OK"
2026-01-28 10:37:10,912 - httpx - INFO - HTTP Request: POST https://api.telegram.org/bot8547970379:AAGcJUD9pmgvWq5pwfe9U7mZiUXmlJCDId8/getUpdates "HTTP/1.1 200 OK"
2026-01-28 10:37:21,105 - httpx - INFO - HTTP Request: POST https://api.telegram.org/bot8547970379:AAGcJUD9pmgvWq5pwfe9U7mZiUXmlJCDId8/getUpdates "HTTP/1.1 200 OK"
2026-01-28 10:37:23,017 - apscheduler.executors.default - INFO - Running job "send_daily_notifications (trigger: interval[0:01:00], next run at: 2026-01-28 07:38:23 UTC)" (scheduled at 2026-01-28 07:37:23.003576+00:00)
2026-01-28 10:37:23,023 - apscheduler.executors.default - INFO - Job "send_daily_notifications (trigger: interval[0:01:00], next run at: 2026-01-28 07:38:23 UTC)" executed successfully
2026-01-28 10:37:31,223 - httpx - INFO - HTTP Request: POST https://api.telegram.org/bot8547970379:AAGcJUD9pmgvWq5pwfe9U7mZiUXmlJCDId8/getUpdates "HTTP/1.1 200 OK"
2026-01-28 10:37:34,904 - httpx - INFO - HTTP Request: POST https://api.telegram.org/bot8547970379:AAGcJUD9pmgvWq5pwfe9U7mZiUXmlJCDId8/getUpdates "HTTP/1.1 200 OK"
2026-01-28 10:37:34,904 - telegram.ext.Application - INFO - Application is stopping. This might take a moment.
2026-01-28 10:37:34,906 - apscheduler.scheduler - INFO - Scheduler has been shut down
2026-01-28 10:37:34,906 - telegram.ext.Application - INFO - Application.stop() complete
2026-02-06 12:42:20,319 - apscheduler.scheduler - INFO - Adding job tentatively -- it will be properly scheduled when the scheduler starts
2026-02-06 12:42:20,319 - apscheduler.scheduler - INFO - Adding job tentatively -- it will be properly scheduled when the scheduler starts
2026-02-06 12:42:20,319 - apscheduler.scheduler - INFO - Adding job tentatively -- it will be properly scheduled when the scheduler starts
2026-02-06 12:42:20,320 - apscheduler.scheduler - INFO - Adding job tentatively -- it will be properly scheduled when the scheduler starts
2026-02-06 12:42:20,320 - apscheduler.scheduler - INFO - Adding job tentatively -- it will be properly scheduled when the scheduler starts
2026-02-06 12:42:20,320 - apscheduler.scheduler - INFO - Adding job tentatively -- it will be properly scheduled when the scheduler starts
2026-02-06 12:42:20,751 - httpx - INFO - HTTP Request: POST https://api.telegram.org/bot%D1%82%D0%BE%D0%BA%D0%B5%D0%BD%20%D1%81%D1%8E%D0%B4%D0%B0/getMe "HTTP/1.1 404 Not Found"
2026-02-06 12:42:20,751 - telegram.ext - ERROR - Network Retry Loop (Bootstrap Initialize Application): Invalid token. Aborting retry loop.
Traceback (most recent call last):
  File "C:\Users\Тимур\AppData\Local\Programs\Python\Python311\Lib\site-packages\telegram\_bot.py", line 856, in initialize
    await self.get_me()
  File "C:\Users\Тимур\AppData\Local\Programs\Python\Python311\Lib\site-packages\telegram\ext\_extbot.py", line 2007, in get_me
    return await super().get_me(
           ^^^^^^^^^^^^^^^^^^^^^
  File "C:\Users\Тимур\AppData\Local\Programs\Python\Python311\Lib\site-packages\telegram\_bot.py", line 989, in get_me
    result = await self._post(
             ^^^^^^^^^^^^^^^^^
  File "C:\Users\Тимур\AppData\Local\Programs\Python\Python311\Lib\site-packages\telegram\_bot.py", line 703, in _post
    return await self._do_post(
           ^^^^^^^^^^^^^^^^^^^^
  File "C:\Users\Тимур\AppData\Local\Programs\Python\Python311\Lib\site-packages\telegram\ext\_extbot.py", line 369, in _do_post
    return await super()._do_post(
           ^^^^^^^^^^^^^^^^^^^^^^^
  File "C:\Users\Тимур\AppData\Local\Programs\Python\Python311\Lib\site-packages\telegram\_bot.py", line 732, in _do_post
    result = await request.post(
             ^^^^^^^^^^^^^^^^^^^
  File "C:\Users\Тимур\AppData\Local\Programs\Python\Python311\Lib\site-packages\telegram\request\_baserequest.py", line 198, in post
    result = await self._request_wrapper(
             ^^^^^^^^^^^^^^^^^^^^^^^^^^^^
  File "C:\Users\Тимур\AppData\Local\Programs\Python\Python311\Lib\site-packages\telegram\request\_baserequest.py", line 375, in _request_wrapper
    raise exception
telegram.error.InvalidToken: Not Found

The above exception was the direct cause of the following exception:

Traceback (most recent call last):
  File "C:\Users\Тимур\AppData\Local\Programs\Python\Python311\Lib\site-packages\telegram\ext\_utils\networkloop.py", line 161, in network_retry_loop
    await do_action()
  File "C:\Users\Тимур\AppData\Local\Programs\Python\Python311\Lib\site-packages\telegram\ext\_utils\networkloop.py", line 136, in do_action
    await action_cb()
  File "C:\Users\Тимур\AppData\Local\Programs\Python\Python311\Lib\site-packages\telegram\ext\_application.py", line 489, in initialize
    await self.bot.initialize()
  File "C:\Users\Тимур\AppData\Local\Programs\Python\Python311\Lib\site-packages\telegram\ext\_extbot.py", line 315, in initialize
    await super().initialize()
  File "C:\Users\Тимур\AppData\Local\Programs\Python\Python311\Lib\site-packages\telegram\_bot.py", line 859, in initialize
    raise InvalidToken(f"The token `{self._token}` was rejected by the server.") from exc
telegram.error.InvalidToken: The token `токен сюда` was rejected by the server.
2026-02-16 11:27:04,343 - config - WARNING - ⚠️ TELEGRAM_BOT_TOKEN is missing or invalid. Bot features will not work.
2026-02-16 11:27:04,343 - config - WARNING - ⚠️ WEATHERAPI_KEY is missing or invalid. Weather features will not work.
2026-02-16 11:27:04,348 - config - INFO - ✅ Configuration loaded successfully.
2026-02-19 09:07:55,526 - config - WARNING - ⚠️ TELEGRAM_BOT_TOKEN is missing or invalid. Bot features will not work.
2026-02-19 09:07:55,526 - config - WARNING - ⚠️ WEATHERAPI_KEY is missing or invalid. Weather features will not work.
2026-02-19 09:07:55,526 - config - INFO - ✅ Configuration loaded successfully.
